# JRE version: Java(TM) SE Runtime Environment (18.0.1+10) (build 18.0.1+10-24)
# Java VM: Java HotSpot(TM) 64-Bit Server VM (18.0.1+10-24, mixed mode, sharing, tiered, compressed oops, compressed class ptrs, g1 gc, windows-amd64)
GC Precious Log:
 CardTable entry size: 512
 Card Set container configuration: InlinePtr #cards 5 size 8 Array Of Cards #cards 12 size 40 Howl #buckets 4 coarsen threshold 1843 Howl Bitmap #cards 512 size 80 coarsen threshold 460 Card regions per heap region 1 cards per card region 2048
 CPUs: 4 total, 4 available
 Memory: 8067M
 Large Page Support: Disabled
 NUMA Support: Disabled
 Compressed Oops: Enabled (32-bit)
 Heap Region Size: 1M
 Heap Min Capacity: 8M
 Heap Initial Capacity: 128M
 Heap Max Capacity: 2018M
 Pre-touch: Disabled
 Parallel Workers: 4
 Concurrent Workers: 1
 Concurrent Refinement Workers: 4
 Periodic GC: Disabled
Heap:
 garbage-first heap   total 133120K, used 60640K [0x0000000081e00000, 0x0000000100000000)
  region size 1024K, 3 young (3072K), 3 survivors (3072K)
 Metaspace       used 62353K, committed 62976K, reserved 1114112K
  class space    used 8284K, committed 8576K, reserved 1048576K
GC Heap History (20 events):
Event: 14.811 GC heap after
{Heap after GC invocations=20 (full 0):
 garbage-first heap   total 57344K, used 34288K [0x0000000081e00000, 0x0000000100000000)
  region size 1024K, 2 young (2048K), 2 survivors (2048K)
 Metaspace       used 58707K, committed 59264K, reserved 1114112K
  class space    used 7882K, committed 8128K, reserved 1048576K
}
Event: 15.350 GC heap before
{Heap before GC invocations=21 (full 0):
 garbage-first heap   total 61440K, used 46576K [0x0000000081e00000, 0x0000000100000000)
  region size 1024K, 14 young (14336K), 2 survivors (2048K)
 Metaspace       used 59945K, committed 60544K, reserved 1114112K
  class space    used 8032K, committed 8320K, reserved 1048576K
}
Event: 15.360 GC heap after
{Heap after GC invocations=22 (full 0):
 garbage-first heap   total 61440K, used 35754K [0x0000000081e00000, 0x0000000100000000)
  region size 1024K, 2 young (2048K), 2 survivors (2048K)
 Metaspace       used 59945K, committed 60544K, reserved 1114112K
  class space    used 8032K, committed 8320K, reserved 1048576K
}
Event: 15.764 GC heap before
{Heap before GC invocations=22 (full 0):
 garbage-first heap   total 61440K, used 48042K [0x0000000081e00000, 0x0000000100000000)
  region size 1024K, 15 young (15360K), 2 survivors (2048K)
 Metaspace       used 61000K, committed 61568K, reserved 1114112K
  class space    used 8143K, committed 8384K, reserved 1048576K
}
Event: 15.770 GC heap after
{Heap after GC invocations=23 (full 0):
 garbage-first heap   total 61440K, used 37888K [0x0000000081e00000, 0x0000000100000000)
  region size 1024K, 2 young (2048K), 2 survivors (2048K)
 Metaspace       used 61000K, committed 61568K, reserved 1114112K
  class space    used 8143K, committed 8384K, reserved 1048576K
}
Event: 16.027 GC heap before
{Heap before GC invocations=24 (full 0):
 garbage-first heap   total 73728K, used 50176K [0x0000000081e00000, 0x0000000100000000)
  region size 1024K, 14 young (14336K), 2 survivors (2048K)
 Metaspace       used 61046K, committed 61568K, reserved 1114112K
  class space    used 8143K, committed 8384K, reserved 1048576K
}
Event: 16.032 GC heap after
{Heap after GC invocations=25 (full 0):
 garbage-first heap   total 73728K, used 40753K [0x0000000081e00000, 0x0000000100000000)
  region size 1024K, 2 young (2048K), 2 survivors (2048K)
 Metaspace       used 61046K, committed 61568K, reserved 1114112K
  class space    used 8143K, committed 8384K, reserved 1048576K
}
Event: 16.240 GC heap before
{Heap before GC invocations=25 (full 0):
 garbage-first heap   total 73728K, used 56113K [0x0000000081e00000, 0x0000000100000000)
  region size 1024K, 18 young (18432K), 2 survivors (2048K)
 Metaspace       used 61187K, committed 61696K, reserved 1114112K
  class space    used 8155K, committed 8384K, reserved 1048576K
}
Event: 16.250 GC heap after
{Heap after GC invocations=26 (full 0):
 garbage-first heap   total 89088K, used 45818K [0x0000000081e00000, 0x0000000100000000)
  region size 1024K, 3 young (3072K), 3 survivors (3072K)
 Metaspace       used 61187K, committed 61696K, reserved 1114112K
  class space    used 8155K, committed 8384K, reserved 1048576K
}
Event: 16.516 GC heap before
{Heap before GC invocations=27 (full 0):
 garbage-first heap   total 89088K, used 67322K [0x0000000081e00000, 0x0000000100000000)
  region size 1024K, 24 young (24576K), 3 survivors (3072K)
 Metaspace       used 61242K, committed 61824K, reserved 1114112K
  class space    used 8155K, committed 8384K, reserved 1048576K
}
Event: 16.524 GC heap after
{Heap after GC invocations=28 (full 0):
 garbage-first heap   total 89088K, used 50694K [0x0000000081e00000, 0x0000000100000000)
  region size 1024K, 3 young (3072K), 3 survivors (3072K)
 Metaspace       used 61242K, committed 61824K, reserved 1114112K
  class space    used 8155K, committed 8384K, reserved 1048576K
}
Event: 16.670 GC heap before
{Heap before GC invocations=28 (full 0):
 garbage-first heap   total 89088K, used 64006K [0x0000000081e00000, 0x0000000100000000)
  region size 1024K, 18 young (18432K), 3 survivors (3072K)
 Metaspace       used 61296K, committed 61888K, reserved 1114112K
  class space    used 8159K, committed 8448K, reserved 1048576K
}
Event: 16.681 GC heap after
{Heap after GC invocations=29 (full 0):
 garbage-first heap   total 89088K, used 55507K [0x0000000081e00000, 0x0000000100000000)
  region size 1024K, 3 young (3072K), 3 survivors (3072K)
 Metaspace       used 61296K, committed 61888K, reserved 1114112K
  class space    used 8159K, committed 8448K, reserved 1048576K
}
Event: 16.789 GC heap before
{Heap before GC invocations=29 (full 0):
 garbage-first heap   total 89088K, used 68819K [0x0000000081e00000, 0x0000000100000000)
  region size 1024K, 16 young (16384K), 3 survivors (3072K)
 Metaspace       used 61297K, committed 61888K, reserved 1114112K
  class space    used 8159K, committed 8448K, reserved 1048576K
}
Event: 16.796 GC heap after
{Heap after GC invocations=30 (full 0):
 garbage-first heap   total 89088K, used 59240K [0x0000000081e00000, 0x0000000100000000)
  region size 1024K, 2 young (2048K), 2 survivors (2048K)
 Metaspace       used 61297K, committed 61888K, reserved 1114112K
  class space    used 8159K, committed 8448K, reserved 1048576K
}
Event: 16.979 GC heap before
{Heap before GC invocations=31 (full 0):
 garbage-first heap   total 102400K, used 69480K [0x0000000081e00000, 0x0000000100000000)
  region size 1024K, 13 young (13312K), 2 survivors (2048K)
 Metaspace       used 61348K, committed 61952K, reserved 1114112K
  class space    used 8159K, committed 8448K, reserved 1048576K
}
Event: 16.984 GC heap after
{Heap after GC invocations=32 (full 0):
 garbage-first heap   total 102400K, used 60628K [0x0000000081e00000, 0x0000000100000000)
  region size 1024K, 2 young (2048K), 2 survivors (2048K)
 Metaspace       used 61348K, committed 61952K, reserved 1114112K
  class space    used 8159K, committed 8448K, reserved 1048576K
}
Event: 16.995 GC heap before
{Heap before GC invocations=32 (full 0):
 garbage-first heap   total 102400K, used 63700K [0x0000000081e00000, 0x0000000100000000)
  region size 1024K, 5 young (5120K), 2 survivors (2048K)
 Metaspace       used 61351K, committed 61952K, reserved 1114112K
  class space    used 8159K, committed 8448K, reserved 1048576K
}
Event: 16.999 GC heap after
{Heap after GC invocations=33 (full 0):
 garbage-first heap   total 102400K, used 55815K [0x0000000081e00000, 0x0000000100000000)
  region size 1024K, 1 young (1024K), 1 survivors (1024K)
 Metaspace       used 61351K, committed 61952K, reserved 1114112K
  class space    used 8159K, committed 8448K, reserved 1048576K
}
Event: 17.697 GC heap before
{Heap before GC invocations=33 (full 0):
 garbage-first heap   total 102400K, used 78343K [0x0000000081e00000, 0x0000000100000000)
  region size 1024K, 23 young (23552K), 1 survivors (1024K)
 Metaspace       used 62353K, committed 62976K, reserved 1114112K
  class space    used 8284K, committed 8576K, reserved 1048576K
}

