# JRE version: Java(TM) SE Runtime Environment (18.0.1+10) (build 18.0.1+10-24)
# Java VM: Java HotSpot(TM) 64-Bit Server VM (18.0.1+10-24, mixed mode, sharing, tiered, compressed oops, compressed class ptrs, g1 gc, windows-amd64)
GC Precious Log:
 CardTable entry size: 512
 Card Set container configuration: InlinePtr #cards 5 size 8 Array Of Cards #cards 12 size 40 Howl #buckets 4 coarsen threshold 1843 Howl Bitmap #cards 512 size 80 coarsen threshold 460 Card regions per heap region 1 cards per card region 2048
 CPUs: 4 total, 4 available
 Memory: 8067M
 Large Page Support: Disabled
 NUMA Support: Disabled
 Compressed Oops: Enabled (32-bit)
 Heap Region Size: 1M
 Heap Min Capacity: 8M
 Heap Initial Capacity: 128M
 Heap Max Capacity: 2018M
 Pre-touch: Disabled
 Parallel Workers: 4
 Concurrent Workers: 1
 Concurrent Refinement Workers: 4
 Periodic GC: Disabled
Heap:
 garbage-first heap   total 287744K, used 149672K [0x0000000081e00000, 0x0000000100000000)
  region size 1024K, 99 young (101376K), 1 survivors (1024K)
 Metaspace       used 66391K, committed 67072K, reserved 1114112K
  class space    used 8780K, committed 9088K, reserved 1048576K
GC Heap History (20 events):
Event: 15.002 GC heap before
{Heap before GC invocations=21 (full 0):
 garbage-first heap   total 61440K, used 49105K [0x0000000081e00000, 0x0000000100000000)
  region size 1024K, 19 young (19456K), 3 survivors (3072K)
 Metaspace       used 58805K, committed 59392K, reserved 1114112K
  class space    used 7899K, committed 8192K, reserved 1048576K
}
Event: 15.010 GC heap after
{Heap after GC invocations=22 (full 0):
 garbage-first heap   total 61440K, used 34734K [0x0000000081e00000, 0x0000000100000000)
  region size 1024K, 2 young (2048K), 2 survivors (2048K)
 Metaspace       used 58805K, committed 59392K, reserved 1114112K
  class space    used 7899K, committed 8192K, reserved 1048576K
}
Event: 15.531 GC heap before
{Heap before GC invocations=22 (full 0):
 garbage-first heap   total 61440K, used 49070K [0x0000000081e00000, 0x0000000100000000)
  region size 1024K, 16 young (16384K), 2 survivors (2048K)
 Metaspace       used 60596K, committed 61184K, reserved 1114112K
  class space    used 8103K, committed 8384K, reserved 1048576K
}
Event: 15.541 GC heap after
{Heap after GC invocations=23 (full 0):
 garbage-first heap   total 61440K, used 36531K [0x0000000081e00000, 0x0000000100000000)
  region size 1024K, 2 young (2048K), 2 survivors (2048K)
 Metaspace       used 60596K, committed 61184K, reserved 1114112K
  class space    used 8103K, committed 8384K, reserved 1048576K
}
Event: 15.922 GC heap before
{Heap before GC invocations=24 (full 0):
 garbage-first heap   total 66560K, used 49843K [0x0000000081e00000, 0x0000000100000000)
  region size 1024K, 14 young (14336K), 2 survivors (2048K)
 Metaspace       used 61021K, committed 61504K, reserved 1114112K
  class space    used 8145K, committed 8384K, reserved 1048576K
}
Event: 15.929 GC heap after
{Heap after GC invocations=25 (full 0):
 garbage-first heap   total 66560K, used 38976K [0x0000000081e00000, 0x0000000100000000)
  region size 1024K, 2 young (2048K), 2 survivors (2048K)
 Metaspace       used 61021K, committed 61504K, reserved 1114112K
  class space    used 8145K, committed 8384K, reserved 1048576K
}
Event: 15.940 GC heap before
{Heap before GC invocations=25 (full 0):
 garbage-first heap   total 66560K, used 40000K [0x0000000081e00000, 0x0000000100000000)
  region size 1024K, 3 young (3072K), 2 survivors (2048K)
 Metaspace       used 61023K, committed 61568K, reserved 1114112K
  class space    used 8145K, committed 8384K, reserved 1048576K
}
Event: 15.948 GC heap after
{Heap after GC invocations=26 (full 0):
 garbage-first heap   total 79872K, used 39267K [0x0000000081e00000, 0x0000000100000000)
  region size 1024K, 1 young (1024K), 1 survivors (1024K)
 Metaspace       used 61023K, committed 61568K, reserved 1114112K
  class space    used 8145K, committed 8384K, reserved 1048576K
}
Event: 16.359 GC heap before
{Heap before GC invocations=26 (full 0):
 garbage-first heap   total 79872K, used 61795K [0x0000000081e00000, 0x0000000100000000)
  region size 1024K, 24 young (24576K), 1 survivors (1024K)
 Metaspace       used 61097K, committed 61632K, reserved 1114112K
  class space    used 8147K, committed 8384K, reserved 1048576K
}
Event: 16.368 GC heap after
{Heap after GC invocations=27 (full 0):
 garbage-first heap   total 79872K, used 45826K [0x0000000081e00000, 0x0000000100000000)
  region size 1024K, 3 young (3072K), 3 survivors (3072K)
 Metaspace       used 61097K, committed 61632K, reserved 1114112K
  class space    used 8147K, committed 8384K, reserved 1048576K
}
Event: 16.698 GC heap before
{Heap before GC invocations=28 (full 0):
 garbage-first heap   total 81920K, used 63234K [0x0000000081e00000, 0x0000000100000000)
  region size 1024K, 19 young (19456K), 3 survivors (3072K)
 Metaspace       used 61227K, committed 61760K, reserved 1114112K
  class space    used 8157K, committed 8384K, reserved 1048576K
}
Event: 16.704 GC heap after
{Heap after GC invocations=29 (full 0):
 garbage-first heap   total 81920K, used 49312K [0x0000000081e00000, 0x0000000100000000)
  region size 1024K, 3 young (3072K), 3 survivors (3072K)
 Metaspace       used 61227K, committed 61760K, reserved 1114112K
  class space    used 8157K, committed 8384K, reserved 1048576K
}
Event: 16.709 GC heap before
{Heap before GC invocations=29 (full 0):
 garbage-first heap   total 81920K, used 50336K [0x0000000081e00000, 0x0000000100000000)
  region size 1024K, 4 young (4096K), 3 survivors (3072K)
 Metaspace       used 61228K, committed 61760K, reserved 1114112K
  class space    used 8157K, committed 8384K, reserved 1048576K
}
Event: 16.715 GC heap after
{Heap after GC invocations=30 (full 0):
 garbage-first heap   total 81920K, used 49882K [0x0000000081e00000, 0x0000000100000000)
  region size 1024K, 1 young (1024K), 1 survivors (1024K)
 Metaspace       used 61228K, committed 61760K, reserved 1114112K
  class space    used 8157K, committed 8384K, reserved 1048576K
}
Event: 16.863 GC heap before
{Heap before GC invocations=30 (full 0):
 garbage-first heap   total 81920K, used 63194K [0x0000000081e00000, 0x0000000100000000)
  region size 1024K, 15 young (15360K), 1 survivors (1024K)
 Metaspace       used 61244K, committed 61824K, reserved 1114112K
  class space    used 8157K, committed 8384K, reserved 1048576K
}
Event: 16.869 GC heap after
{Heap after GC invocations=31 (full 0):
 garbage-first heap   total 81920K, used 52402K [0x0000000081e00000, 0x0000000100000000)
  region size 1024K, 2 young (2048K), 2 survivors (2048K)
 Metaspace       used 61244K, committed 61824K, reserved 1114112K
  class space    used 8157K, committed 8384K, reserved 1048576K
}
Event: 17.143 GC heap before
{Heap before GC invocations=32 (full 0):
 garbage-first heap   total 97280K, used 62642K [0x0000000081e00000, 0x0000000100000000)
  region size 1024K, 14 young (14336K), 2 survivors (2048K)
 Metaspace       used 61307K, committed 61888K, reserved 1114112K
  class space    used 8161K, committed 8448K, reserved 1048576K
}
Event: 17.151 GC heap after
{Heap after GC invocations=33 (full 0):
 garbage-first heap   total 97280K, used 54818K [0x0000000081e00000, 0x0000000100000000)
  region size 1024K, 2 young (2048K), 2 survivors (2048K)
 Metaspace       used 61307K, committed 61888K, reserved 1114112K
  class space    used 8161K, committed 8448K, reserved 1048576K
}
Event: 17.158 GC heap before
{Heap before GC invocations=33 (full 0):
 garbage-first heap   total 97280K, used 56866K [0x0000000081e00000, 0x0000000100000000)
  region size 1024K, 4 young (4096K), 2 survivors (2048K)
 Metaspace       used 61309K, committed 61888K, reserved 1114112K
  class space    used 8161K, committed 8448K, reserved 1048576K
}
Event: 17.165 GC heap after
{Heap after GC invocations=34 (full 0):
 garbage-first heap   total 287744K, used 50344K [0x0000000081e00000, 0x0000000100000000)
  region size 1024K, 1 young (1024K), 1 survivors (1024K)
 Metaspace       used 61309K, committed 61888K, reserved 1114112K
  class space    used 8161K, committed 8448K, reserved 1048576K
}

