# JRE version: Java(TM) SE Runtime Environment (18.0.1+10) (build 18.0.1+10-24)
# Java VM: Java HotSpot(TM) 64-Bit Server VM (18.0.1+10-24, mixed mode, sharing, tiered, compressed oops, compressed class ptrs, g1 gc, windows-amd64)
GC Precious Log:
 CardTable entry size: 512
 Card Set container configuration: InlinePtr #cards 5 size 8 Array Of Cards #cards 12 size 40 Howl #buckets 4 coarsen threshold 1843 Howl Bitmap #cards 512 size 80 coarsen threshold 460 Card regions per heap region 1 cards per card region 2048
 CPUs: 4 total, 4 available
 Memory: 8067M
 Large Page Support: Disabled
 NUMA Support: Disabled
 Compressed Oops: Enabled (32-bit)
 Heap Region Size: 1M
 Heap Min Capacity: 8M
 Heap Initial Capacity: 128M
 Heap Max Capacity: 2018M
 Pre-touch: Disabled
 Parallel Workers: 4
 Concurrent Workers: 1
 Concurrent Refinement Workers: 4
 Periodic GC: Disabled
Heap:
 garbage-first heap   total 225280K, used 120996K [0x0000000081e00000, 0x0000000100000000)
  region size 1024K, 70 young (71680K), 1 survivors (1024K)
 Metaspace       used 70396K, committed 71104K, reserved 1114112K
  class space    used 9196K, committed 9536K, reserved 1048576K
GC Heap History (20 events):
Event: 16.510 GC heap before
{Heap before GC invocations=26 (full 0):
 garbage-first heap   total 76800K, used 49944K [0x0000000081e00000, 0x0000000100000000)
  region size 1024K, 14 young (14336K), 2 survivors (2048K)
 Metaspace       used 61078K, committed 61632K, reserved 1114112K
  class space    used 8144K, committed 8384K, reserved 1048576K
}
Event: 16.518 GC heap after
{Heap after GC invocations=27 (full 0):
 garbage-first heap   total 76800K, used 39877K [0x0000000081e00000, 0x0000000100000000)
  region size 1024K, 2 young (2048K), 2 survivors (2048K)
 Metaspace       used 61078K, committed 61632K, reserved 1114112K
  class space    used 8144K, committed 8384K, reserved 1048576K
}
Event: 16.921 GC heap before
{Heap before GC invocations=27 (full 0):
 garbage-first heap   total 76800K, used 58309K [0x0000000081e00000, 0x0000000100000000)
  region size 1024K, 21 young (21504K), 2 survivors (2048K)
 Metaspace       used 61181K, committed 61760K, reserved 1114112K
  class space    used 8152K, committed 8448K, reserved 1048576K
}
Event: 16.932 GC heap after
{Heap after GC invocations=28 (full 0):
 garbage-first heap   total 76800K, used 45834K [0x0000000081e00000, 0x0000000100000000)
  region size 1024K, 3 young (3072K), 3 survivors (3072K)
 Metaspace       used 61181K, committed 61760K, reserved 1114112K
  class space    used 8152K, committed 8448K, reserved 1048576K
}
Event: 17.333 GC heap before
{Heap before GC invocations=29 (full 0):
 garbage-first heap   total 78848K, used 50954K [0x0000000081e00000, 0x0000000100000000)
  region size 1024K, 10 young (10240K), 3 survivors (3072K)
 Metaspace       used 61264K, committed 61824K, reserved 1114112K
  class space    used 8157K, committed 8448K, reserved 1048576K
}
Event: 17.340 GC heap after
{Heap after GC invocations=30 (full 0):
 garbage-first heap   total 78848K, used 47379K [0x0000000081e00000, 0x0000000100000000)
  region size 1024K, 2 young (2048K), 2 survivors (2048K)
 Metaspace       used 61264K, committed 61824K, reserved 1114112K
  class space    used 8157K, committed 8448K, reserved 1048576K
}
Event: 17.472 GC heap before
{Heap before GC invocations=30 (full 0):
 garbage-first heap   total 78848K, used 62739K [0x0000000081e00000, 0x0000000100000000)
  region size 1024K, 16 young (16384K), 2 survivors (2048K)
 Metaspace       used 61276K, committed 61888K, reserved 1114112K
  class space    used 8157K, committed 8448K, reserved 1048576K
}
Event: 17.478 GC heap after
{Heap after GC invocations=31 (full 0):
 garbage-first heap   total 98304K, used 50340K [0x0000000081e00000, 0x0000000100000000)
  region size 1024K, 2 young (2048K), 2 survivors (2048K)
 Metaspace       used 61276K, committed 61888K, reserved 1114112K
  class space    used 8157K, committed 8448K, reserved 1048576K
}
Event: 17.973 GC heap before
{Heap before GC invocations=32 (full 0):
 garbage-first heap   total 98304K, used 73892K [0x0000000081e00000, 0x0000000100000000)
  region size 1024K, 26 young (26624K), 2 survivors (2048K)
 Metaspace       used 61326K, committed 61952K, reserved 1114112K
  class space    used 8161K, committed 8448K, reserved 1048576K
}
Event: 17.986 GC heap after
{Heap after GC invocations=33 (full 0):
 garbage-first heap   total 98304K, used 57025K [0x0000000081e00000, 0x0000000100000000)
  region size 1024K, 4 young (4096K), 4 survivors (4096K)
 Metaspace       used 61326K, committed 61952K, reserved 1114112K
  class space    used 8161K, committed 8448K, reserved 1048576K
}
Event: 18.000 GC heap before
{Heap before GC invocations=33 (full 0):
 garbage-first heap   total 98304K, used 58049K [0x0000000081e00000, 0x0000000100000000)
  region size 1024K, 5 young (5120K), 4 survivors (4096K)
 Metaspace       used 61331K, committed 61952K, reserved 1114112K
  class space    used 8161K, committed 8448K, reserved 1048576K
}
Event: 18.005 GC heap after
{Heap after GC invocations=34 (full 0):
 garbage-first heap   total 98304K, used 56387K [0x0000000081e00000, 0x0000000100000000)
  region size 1024K, 1 young (1024K), 1 survivors (1024K)
 Metaspace       used 61331K, committed 61952K, reserved 1114112K
  class space    used 8161K, committed 8448K, reserved 1048576K
}
Event: 18.246 GC heap before
{Heap before GC invocations=34 (full 0):
 garbage-first heap   total 98304K, used 73795K [0x0000000081e00000, 0x0000000100000000)
  region size 1024K, 19 young (19456K), 1 survivors (1024K)
 Metaspace       used 61372K, committed 61952K, reserved 1114112K
  class space    used 8161K, committed 8448K, reserved 1048576K
}
Event: 18.251 GC heap after
{Heap after GC invocations=35 (full 0):
 garbage-first heap   total 98304K, used 60155K [0x0000000081e00000, 0x0000000100000000)
  region size 1024K, 3 young (3072K), 3 survivors (3072K)
 Metaspace       used 61372K, committed 61952K, reserved 1114112K
  class space    used 8161K, committed 8448K, reserved 1048576K
}
Event: 18.776 GC heap before
{Heap before GC invocations=36 (full 0):
 garbage-first heap   total 112640K, used 73467K [0x0000000081e00000, 0x0000000100000000)
  region size 1024K, 19 young (19456K), 3 survivors (3072K)
 Metaspace       used 61987K, committed 62592K, reserved 1114112K
  class space    used 8226K, committed 8512K, reserved 1048576K
}
Event: 18.795 GC heap after
{Heap after GC invocations=37 (full 0):
 garbage-first heap   total 112640K, used 62713K [0x0000000081e00000, 0x0000000100000000)
  region size 1024K, 3 young (3072K), 3 survivors (3072K)
 Metaspace       used 61987K, committed 62592K, reserved 1114112K
  class space    used 8226K, committed 8512K, reserved 1048576K
}
Event: 18.897 GC heap before
{Heap before GC invocations=37 (full 0):
 garbage-first heap   total 112640K, used 64761K [0x0000000081e00000, 0x0000000100000000)
  region size 1024K, 5 young (5120K), 3 survivors (3072K)
 Metaspace       used 62142K, committed 62784K, reserved 1114112K
  class space    used 8247K, committed 8576K, reserved 1048576K
}
Event: 18.905 GC heap after
{Heap after GC invocations=38 (full 0):
 garbage-first heap   total 112640K, used 52676K [0x0000000081e00000, 0x0000000100000000)
  region size 1024K, 1 young (1024K), 1 survivors (1024K)
 Metaspace       used 62142K, committed 62784K, reserved 1114112K
  class space    used 8247K, committed 8576K, reserved 1048576K
}
Event: 19.115 GC heap before
{Heap before GC invocations=38 (full 0):
 garbage-first heap   total 112640K, used 56772K [0x0000000081e00000, 0x0000000100000000)
  region size 1024K, 5 young (5120K), 1 survivors (1024K)
 Metaspace       used 62302K, committed 62912K, reserved 1114112K
  class space    used 8275K, committed 8576K, reserved 1048576K
}
Event: 19.120 GC heap after
{Heap after GC invocations=39 (full 0):
 garbage-first heap   total 225280K, used 52388K [0x0000000081e00000, 0x0000000100000000)
  region size 1024K, 1 young (1024K), 1 survivors (1024K)
 Metaspace       used 62302K, committed 62912K, reserved 1114112K
  class space    used 8275K, committed 8576K, reserved 1048576K
}

